INFO  [2014-04-09 22:45:31,436] org.reflections.Reflections: Reflections took 251 ms to scan 1 urls, producing 2 keys and 4 values 
DEBUG [2014-04-09 22:45:32,969] edu.sjsu.cmpe.procurement.ProcurementService: Queue name is /queue/99999.book.orders. Topic is /topic/06869.book.
WARN  [2014-04-09 22:45:33,063] com.yammer.dropwizard.config.ServerFactory: 
!!!!!!!!!!!!!!!!!!!!!!!!!!!!!!!!!!!!!!!!!!!!!!!!!!!!!!!!!!!!!!!!!!!!!!!!!!!!!!!!
!!!!!!!!!!!!!!!!!!!!!!!!!!!!!!!!!!!!!!!!!!!!!!!!!!!!!!!!!!!!!!!!!!!!!!!!!!!!!!!!
!    THIS SERVICE HAS NO HEALTHCHECKS. THIS MEANS YOU WILL NEVER KNOW IF IT    !
!    DIES IN PRODUCTION, WHICH MEANS YOU WILL NEVER KNOW IF YOU'RE LETTING     !
!     YOUR USERS DOWN. YOU SHOULD ADD A HEALTHCHECK FOR EACH DEPENDENCY OF     !
!     YOUR SERVICE WHICH FULLY (BUT LIGHTLY) TESTS YOUR SERVICE'S ABILITY TO   !
!      USE THAT SERVICE. THINK OF IT AS A CONTINUOUS INTEGRATION TEST.         !
!!!!!!!!!!!!!!!!!!!!!!!!!!!!!!!!!!!!!!!!!!!!!!!!!!!!!!!!!!!!!!!!!!!!!!!!!!!!!!!!
!!!!!!!!!!!!!!!!!!!!!!!!!!!!!!!!!!!!!!!!!!!!!!!!!!!!!!!!!!!!!!!!!!!!!!!!!!!!!!!!
INFO  [2014-04-09 22:45:33,252] com.yammer.dropwizard.cli.ServerCommand: Starting procurement-service
INFO  [2014-04-09 22:45:33,258] org.eclipse.jetty.server.Server: jetty-8.1.10.v20130312
INFO  [2014-04-09 22:45:33,491] com.sun.jersey.server.impl.application.WebApplicationImpl: Initiating Jersey application, version 'Jersey: 1.17.1 02/28/2013 12:47 PM'
INFO  [2014-04-09 22:45:33,593] com.yammer.dropwizard.config.Environment: The following paths were found for the configured resources:

    GET     / (edu.sjsu.cmpe.procurement.api.resources.RootResource)

INFO  [2014-04-09 22:45:33,594] com.yammer.dropwizard.config.Environment: tasks = 

    POST    /tasks/gc (com.yammer.dropwizard.tasks.GarbageCollectionTask)

INFO  [2014-04-09 22:45:34,212] org.quartz.impl.StdSchedulerFactory: Using default implementation for ThreadExecutor
INFO  [2014-04-09 22:45:34,222] org.quartz.simpl.SimpleThreadPool: Job execution threads will use class loader of thread: main
INFO  [2014-04-09 22:45:34,260] org.quartz.core.SchedulerSignalerImpl: Initialized Scheduler Signaller of type: class org.quartz.core.SchedulerSignalerImpl
INFO  [2014-04-09 22:45:34,262] org.quartz.core.QuartzScheduler: Quartz Scheduler v.2.2.0 created.
INFO  [2014-04-09 22:45:34,265] org.quartz.simpl.RAMJobStore: RAMJobStore initialized.
INFO  [2014-04-09 22:45:34,268] org.quartz.core.QuartzScheduler: Scheduler meta-data: Quartz Scheduler (v2.2.0) 'DefaultQuartzScheduler' with instanceId 'NON_CLUSTERED'
  Scheduler class: 'org.quartz.core.QuartzScheduler' - running locally.
  NOT STARTED.
  Currently in standby mode.
  Number of jobs executed: 0
  Using thread pool 'org.quartz.simpl.SimpleThreadPool' - with 10 threads.
  Using job-store 'org.quartz.simpl.RAMJobStore' - which does not support persistence. and is not clustered.

INFO  [2014-04-09 22:45:34,268] org.quartz.impl.StdSchedulerFactory: Quartz scheduler 'DefaultQuartzScheduler' initialized from default resource file in Quartz package: 'quartz.properties'
INFO  [2014-04-09 22:45:34,268] org.quartz.impl.StdSchedulerFactory: Quartz scheduler version: 2.2.0
INFO  [2014-04-09 22:45:34,268] org.quartz.core.QuartzScheduler: Scheduler DefaultQuartzScheduler_$_NON_CLUSTERED started.
INFO  [2014-04-09 22:45:34,275] de.spinscale.dropwizard.jobs.JobManager: Jobs to run on application start: []
INFO  [2014-04-09 22:45:34,284] de.spinscale.dropwizard.jobs.JobManager: Jobs with @Every annotation: [class edu.sjsu.cmpe.procurement.jobs.ProcurementToPublisherJob, class edu.sjsu.cmpe.procurement.jobs.ProcurementSchedulerJob]
INFO  [2014-04-09 22:45:34,315] de.spinscale.dropwizard.jobs.JobManager: Jobs with @On annotation: []
INFO  [2014-04-09 22:45:34,341] org.eclipse.jetty.server.AbstractConnector: Started InstrumentedBlockingChannelConnector@0.0.0.0:9090
INFO  [2014-04-09 22:45:34,347] org.eclipse.jetty.server.AbstractConnector: Started SocketConnector@0.0.0.0:9000
INFO  [2014-04-09 23:10:29,297] org.reflections.Reflections: Reflections took 250 ms to scan 1 urls, producing 2 keys and 4 values 
DEBUG [2014-04-09 23:10:30,525] edu.sjsu.cmpe.procurement.ProcurementService: Queue name is /queue/99999.book.orders. Topic is /topic/06869.book.
WARN  [2014-04-09 23:10:30,632] com.yammer.dropwizard.config.ServerFactory: 
!!!!!!!!!!!!!!!!!!!!!!!!!!!!!!!!!!!!!!!!!!!!!!!!!!!!!!!!!!!!!!!!!!!!!!!!!!!!!!!!
!!!!!!!!!!!!!!!!!!!!!!!!!!!!!!!!!!!!!!!!!!!!!!!!!!!!!!!!!!!!!!!!!!!!!!!!!!!!!!!!
!    THIS SERVICE HAS NO HEALTHCHECKS. THIS MEANS YOU WILL NEVER KNOW IF IT    !
!    DIES IN PRODUCTION, WHICH MEANS YOU WILL NEVER KNOW IF YOU'RE LETTING     !
!     YOUR USERS DOWN. YOU SHOULD ADD A HEALTHCHECK FOR EACH DEPENDENCY OF     !
!     YOUR SERVICE WHICH FULLY (BUT LIGHTLY) TESTS YOUR SERVICE'S ABILITY TO   !
!      USE THAT SERVICE. THINK OF IT AS A CONTINUOUS INTEGRATION TEST.         !
!!!!!!!!!!!!!!!!!!!!!!!!!!!!!!!!!!!!!!!!!!!!!!!!!!!!!!!!!!!!!!!!!!!!!!!!!!!!!!!!
!!!!!!!!!!!!!!!!!!!!!!!!!!!!!!!!!!!!!!!!!!!!!!!!!!!!!!!!!!!!!!!!!!!!!!!!!!!!!!!!
INFO  [2014-04-09 23:10:30,831] com.yammer.dropwizard.cli.ServerCommand: Starting procurement-service
INFO  [2014-04-09 23:10:30,836] org.eclipse.jetty.server.Server: jetty-8.1.10.v20130312
INFO  [2014-04-09 23:10:31,079] com.sun.jersey.server.impl.application.WebApplicationImpl: Initiating Jersey application, version 'Jersey: 1.17.1 02/28/2013 12:47 PM'
INFO  [2014-04-09 23:10:31,187] com.yammer.dropwizard.config.Environment: The following paths were found for the configured resources:

    GET     / (edu.sjsu.cmpe.procurement.api.resources.RootResource)

INFO  [2014-04-09 23:10:31,187] com.yammer.dropwizard.config.Environment: tasks = 

    POST    /tasks/gc (com.yammer.dropwizard.tasks.GarbageCollectionTask)

INFO  [2014-04-09 23:10:31,772] org.quartz.impl.StdSchedulerFactory: Using default implementation for ThreadExecutor
INFO  [2014-04-09 23:10:31,785] org.quartz.simpl.SimpleThreadPool: Job execution threads will use class loader of thread: main
INFO  [2014-04-09 23:10:31,837] org.quartz.core.SchedulerSignalerImpl: Initialized Scheduler Signaller of type: class org.quartz.core.SchedulerSignalerImpl
INFO  [2014-04-09 23:10:31,840] org.quartz.core.QuartzScheduler: Quartz Scheduler v.2.2.0 created.
INFO  [2014-04-09 23:10:31,845] org.quartz.simpl.RAMJobStore: RAMJobStore initialized.
INFO  [2014-04-09 23:10:31,848] org.quartz.core.QuartzScheduler: Scheduler meta-data: Quartz Scheduler (v2.2.0) 'DefaultQuartzScheduler' with instanceId 'NON_CLUSTERED'
  Scheduler class: 'org.quartz.core.QuartzScheduler' - running locally.
  NOT STARTED.
  Currently in standby mode.
  Number of jobs executed: 0
  Using thread pool 'org.quartz.simpl.SimpleThreadPool' - with 10 threads.
  Using job-store 'org.quartz.simpl.RAMJobStore' - which does not support persistence. and is not clustered.

INFO  [2014-04-09 23:10:31,848] org.quartz.impl.StdSchedulerFactory: Quartz scheduler 'DefaultQuartzScheduler' initialized from default resource file in Quartz package: 'quartz.properties'
INFO  [2014-04-09 23:10:31,848] org.quartz.impl.StdSchedulerFactory: Quartz scheduler version: 2.2.0
INFO  [2014-04-09 23:10:31,849] org.quartz.core.QuartzScheduler: Scheduler DefaultQuartzScheduler_$_NON_CLUSTERED started.
INFO  [2014-04-09 23:10:31,858] de.spinscale.dropwizard.jobs.JobManager: Jobs to run on application start: []
INFO  [2014-04-09 23:10:31,870] de.spinscale.dropwizard.jobs.JobManager: Jobs with @Every annotation: [class edu.sjsu.cmpe.procurement.jobs.ProcurementSchedulerJob, class edu.sjsu.cmpe.procurement.jobs.ProcurementToPublisherJob]
INFO  [2014-04-09 23:10:31,906] de.spinscale.dropwizard.jobs.JobManager: Jobs with @On annotation: []
INFO  [2014-04-09 23:10:31,930] org.eclipse.jetty.server.AbstractConnector: Started InstrumentedBlockingChannelConnector@0.0.0.0:9090
INFO  [2014-04-09 23:10:31,944] org.eclipse.jetty.server.AbstractConnector: Started SocketConnector@0.0.0.0:9000
INFO  [2014-04-09 23:18:45,304] org.reflections.Reflections: Reflections took 254 ms to scan 1 urls, producing 2 keys and 4 values 
DEBUG [2014-04-09 23:18:46,542] edu.sjsu.cmpe.procurement.ProcurementService: Queue name is /queue/99999.book.orders. Topic is /topic/06869.book.
WARN  [2014-04-09 23:18:46,655] com.yammer.dropwizard.config.ServerFactory: 
!!!!!!!!!!!!!!!!!!!!!!!!!!!!!!!!!!!!!!!!!!!!!!!!!!!!!!!!!!!!!!!!!!!!!!!!!!!!!!!!
!!!!!!!!!!!!!!!!!!!!!!!!!!!!!!!!!!!!!!!!!!!!!!!!!!!!!!!!!!!!!!!!!!!!!!!!!!!!!!!!
!    THIS SERVICE HAS NO HEALTHCHECKS. THIS MEANS YOU WILL NEVER KNOW IF IT    !
!    DIES IN PRODUCTION, WHICH MEANS YOU WILL NEVER KNOW IF YOU'RE LETTING     !
!     YOUR USERS DOWN. YOU SHOULD ADD A HEALTHCHECK FOR EACH DEPENDENCY OF     !
!     YOUR SERVICE WHICH FULLY (BUT LIGHTLY) TESTS YOUR SERVICE'S ABILITY TO   !
!      USE THAT SERVICE. THINK OF IT AS A CONTINUOUS INTEGRATION TEST.         !
!!!!!!!!!!!!!!!!!!!!!!!!!!!!!!!!!!!!!!!!!!!!!!!!!!!!!!!!!!!!!!!!!!!!!!!!!!!!!!!!
!!!!!!!!!!!!!!!!!!!!!!!!!!!!!!!!!!!!!!!!!!!!!!!!!!!!!!!!!!!!!!!!!!!!!!!!!!!!!!!!
INFO  [2014-04-09 23:18:46,849] com.yammer.dropwizard.cli.ServerCommand: Starting procurement-service
INFO  [2014-04-09 23:18:46,855] org.eclipse.jetty.server.Server: jetty-8.1.10.v20130312
INFO  [2014-04-09 23:18:47,098] com.sun.jersey.server.impl.application.WebApplicationImpl: Initiating Jersey application, version 'Jersey: 1.17.1 02/28/2013 12:47 PM'
INFO  [2014-04-09 23:18:47,197] com.yammer.dropwizard.config.Environment: The following paths were found for the configured resources:

    GET     / (edu.sjsu.cmpe.procurement.api.resources.RootResource)

INFO  [2014-04-09 23:18:47,198] com.yammer.dropwizard.config.Environment: tasks = 

    POST    /tasks/gc (com.yammer.dropwizard.tasks.GarbageCollectionTask)

INFO  [2014-04-09 23:18:47,851] org.quartz.impl.StdSchedulerFactory: Using default implementation for ThreadExecutor
INFO  [2014-04-09 23:18:47,862] org.quartz.simpl.SimpleThreadPool: Job execution threads will use class loader of thread: main
INFO  [2014-04-09 23:18:47,907] org.quartz.core.SchedulerSignalerImpl: Initialized Scheduler Signaller of type: class org.quartz.core.SchedulerSignalerImpl
INFO  [2014-04-09 23:18:47,910] org.quartz.core.QuartzScheduler: Quartz Scheduler v.2.2.0 created.
INFO  [2014-04-09 23:18:47,914] org.quartz.simpl.RAMJobStore: RAMJobStore initialized.
INFO  [2014-04-09 23:18:47,917] org.quartz.core.QuartzScheduler: Scheduler meta-data: Quartz Scheduler (v2.2.0) 'DefaultQuartzScheduler' with instanceId 'NON_CLUSTERED'
  Scheduler class: 'org.quartz.core.QuartzScheduler' - running locally.
  NOT STARTED.
  Currently in standby mode.
  Number of jobs executed: 0
  Using thread pool 'org.quartz.simpl.SimpleThreadPool' - with 10 threads.
  Using job-store 'org.quartz.simpl.RAMJobStore' - which does not support persistence. and is not clustered.

INFO  [2014-04-09 23:18:47,917] org.quartz.impl.StdSchedulerFactory: Quartz scheduler 'DefaultQuartzScheduler' initialized from default resource file in Quartz package: 'quartz.properties'
INFO  [2014-04-09 23:18:47,917] org.quartz.impl.StdSchedulerFactory: Quartz scheduler version: 2.2.0
INFO  [2014-04-09 23:18:47,917] org.quartz.core.QuartzScheduler: Scheduler DefaultQuartzScheduler_$_NON_CLUSTERED started.
INFO  [2014-04-09 23:18:47,926] de.spinscale.dropwizard.jobs.JobManager: Jobs to run on application start: []
INFO  [2014-04-09 23:18:47,938] de.spinscale.dropwizard.jobs.JobManager: Jobs with @Every annotation: [class edu.sjsu.cmpe.procurement.jobs.ProcurementSchedulerJob, class edu.sjsu.cmpe.procurement.jobs.ProcurementToPublisherJob]
INFO  [2014-04-09 23:18:47,978] de.spinscale.dropwizard.jobs.JobManager: Jobs with @On annotation: []
INFO  [2014-04-09 23:18:48,007] org.eclipse.jetty.server.AbstractConnector: Started InstrumentedBlockingChannelConnector@0.0.0.0:9090
WARN  [2014-04-09 23:18:48,017] org.eclipse.jetty.server.AbstractConnector: insufficient threads configured for SocketConnector@0.0.0.0:9000
INFO  [2014-04-09 23:18:48,017] org.eclipse.jetty.server.AbstractConnector: Started SocketConnector@0.0.0.0:9000
INFO  [2014-04-09 23:36:28,467] org.reflections.Reflections: Reflections took 244 ms to scan 1 urls, producing 2 keys and 4 values 
DEBUG [2014-04-09 23:36:29,724] edu.sjsu.cmpe.procurement.ProcurementService: Queue name is /queue/99999.book.orders. Topic is /topic/06869.book.
WARN  [2014-04-09 23:36:29,830] com.yammer.dropwizard.config.ServerFactory: 
!!!!!!!!!!!!!!!!!!!!!!!!!!!!!!!!!!!!!!!!!!!!!!!!!!!!!!!!!!!!!!!!!!!!!!!!!!!!!!!!
!!!!!!!!!!!!!!!!!!!!!!!!!!!!!!!!!!!!!!!!!!!!!!!!!!!!!!!!!!!!!!!!!!!!!!!!!!!!!!!!
!    THIS SERVICE HAS NO HEALTHCHECKS. THIS MEANS YOU WILL NEVER KNOW IF IT    !
!    DIES IN PRODUCTION, WHICH MEANS YOU WILL NEVER KNOW IF YOU'RE LETTING     !
!     YOUR USERS DOWN. YOU SHOULD ADD A HEALTHCHECK FOR EACH DEPENDENCY OF     !
!     YOUR SERVICE WHICH FULLY (BUT LIGHTLY) TESTS YOUR SERVICE'S ABILITY TO   !
!      USE THAT SERVICE. THINK OF IT AS A CONTINUOUS INTEGRATION TEST.         !
!!!!!!!!!!!!!!!!!!!!!!!!!!!!!!!!!!!!!!!!!!!!!!!!!!!!!!!!!!!!!!!!!!!!!!!!!!!!!!!!
!!!!!!!!!!!!!!!!!!!!!!!!!!!!!!!!!!!!!!!!!!!!!!!!!!!!!!!!!!!!!!!!!!!!!!!!!!!!!!!!
INFO  [2014-04-09 23:36:30,017] com.yammer.dropwizard.cli.ServerCommand: Starting procurement-service
INFO  [2014-04-09 23:36:30,024] org.eclipse.jetty.server.Server: jetty-8.1.10.v20130312
INFO  [2014-04-09 23:36:30,258] com.sun.jersey.server.impl.application.WebApplicationImpl: Initiating Jersey application, version 'Jersey: 1.17.1 02/28/2013 12:47 PM'
INFO  [2014-04-09 23:36:30,353] com.yammer.dropwizard.config.Environment: The following paths were found for the configured resources:

    GET     / (edu.sjsu.cmpe.procurement.api.resources.RootResource)

INFO  [2014-04-09 23:36:30,354] com.yammer.dropwizard.config.Environment: tasks = 

    POST    /tasks/gc (com.yammer.dropwizard.tasks.GarbageCollectionTask)

INFO  [2014-04-09 23:36:31,028] org.quartz.impl.StdSchedulerFactory: Using default implementation for ThreadExecutor
INFO  [2014-04-09 23:36:31,040] org.quartz.simpl.SimpleThreadPool: Job execution threads will use class loader of thread: main
INFO  [2014-04-09 23:36:31,093] org.quartz.core.SchedulerSignalerImpl: Initialized Scheduler Signaller of type: class org.quartz.core.SchedulerSignalerImpl
INFO  [2014-04-09 23:36:31,096] org.quartz.core.QuartzScheduler: Quartz Scheduler v.2.2.0 created.
INFO  [2014-04-09 23:36:31,100] org.quartz.simpl.RAMJobStore: RAMJobStore initialized.
INFO  [2014-04-09 23:36:31,102] org.quartz.core.QuartzScheduler: Scheduler meta-data: Quartz Scheduler (v2.2.0) 'DefaultQuartzScheduler' with instanceId 'NON_CLUSTERED'
  Scheduler class: 'org.quartz.core.QuartzScheduler' - running locally.
  NOT STARTED.
  Currently in standby mode.
  Number of jobs executed: 0
  Using thread pool 'org.quartz.simpl.SimpleThreadPool' - with 10 threads.
  Using job-store 'org.quartz.simpl.RAMJobStore' - which does not support persistence. and is not clustered.

INFO  [2014-04-09 23:36:31,102] org.quartz.impl.StdSchedulerFactory: Quartz scheduler 'DefaultQuartzScheduler' initialized from default resource file in Quartz package: 'quartz.properties'
INFO  [2014-04-09 23:36:31,102] org.quartz.impl.StdSchedulerFactory: Quartz scheduler version: 2.2.0
INFO  [2014-04-09 23:36:31,103] org.quartz.core.QuartzScheduler: Scheduler DefaultQuartzScheduler_$_NON_CLUSTERED started.
INFO  [2014-04-09 23:36:31,109] de.spinscale.dropwizard.jobs.JobManager: Jobs to run on application start: []
INFO  [2014-04-09 23:36:31,120] de.spinscale.dropwizard.jobs.JobManager: Jobs with @Every annotation: [class edu.sjsu.cmpe.procurement.jobs.ProcurementSchedulerJob, class edu.sjsu.cmpe.procurement.jobs.ProcurementToPublisherJob]
INFO  [2014-04-09 23:36:31,162] de.spinscale.dropwizard.jobs.JobManager: Jobs with @On annotation: []
INFO  [2014-04-09 23:36:31,187] org.eclipse.jetty.server.AbstractConnector: Started InstrumentedBlockingChannelConnector@0.0.0.0:9090
WARN  [2014-04-09 23:36:31,195] org.eclipse.jetty.server.AbstractConnector: insufficient threads configured for SocketConnector@0.0.0.0:9000
INFO  [2014-04-09 23:36:31,196] org.eclipse.jetty.server.AbstractConnector: Started SocketConnector@0.0.0.0:9000
INFO  [2014-04-09 23:44:16,074] org.reflections.Reflections: Reflections took 268 ms to scan 1 urls, producing 2 keys and 4 values 
DEBUG [2014-04-09 23:44:17,286] edu.sjsu.cmpe.procurement.ProcurementService: Queue name is /queue/99999.book.orders. Topic is /topic/06869.book.
WARN  [2014-04-09 23:44:17,405] com.yammer.dropwizard.config.ServerFactory: 
!!!!!!!!!!!!!!!!!!!!!!!!!!!!!!!!!!!!!!!!!!!!!!!!!!!!!!!!!!!!!!!!!!!!!!!!!!!!!!!!
!!!!!!!!!!!!!!!!!!!!!!!!!!!!!!!!!!!!!!!!!!!!!!!!!!!!!!!!!!!!!!!!!!!!!!!!!!!!!!!!
!    THIS SERVICE HAS NO HEALTHCHECKS. THIS MEANS YOU WILL NEVER KNOW IF IT    !
!    DIES IN PRODUCTION, WHICH MEANS YOU WILL NEVER KNOW IF YOU'RE LETTING     !
!     YOUR USERS DOWN. YOU SHOULD ADD A HEALTHCHECK FOR EACH DEPENDENCY OF     !
!     YOUR SERVICE WHICH FULLY (BUT LIGHTLY) TESTS YOUR SERVICE'S ABILITY TO   !
!      USE THAT SERVICE. THINK OF IT AS A CONTINUOUS INTEGRATION TEST.         !
!!!!!!!!!!!!!!!!!!!!!!!!!!!!!!!!!!!!!!!!!!!!!!!!!!!!!!!!!!!!!!!!!!!!!!!!!!!!!!!!
!!!!!!!!!!!!!!!!!!!!!!!!!!!!!!!!!!!!!!!!!!!!!!!!!!!!!!!!!!!!!!!!!!!!!!!!!!!!!!!!
INFO  [2014-04-09 23:44:17,600] com.yammer.dropwizard.cli.ServerCommand: Starting procurement-service
INFO  [2014-04-09 23:44:17,605] org.eclipse.jetty.server.Server: jetty-8.1.10.v20130312
INFO  [2014-04-09 23:44:17,858] com.sun.jersey.server.impl.application.WebApplicationImpl: Initiating Jersey application, version 'Jersey: 1.17.1 02/28/2013 12:47 PM'
INFO  [2014-04-09 23:44:17,962] com.yammer.dropwizard.config.Environment: The following paths were found for the configured resources:

    GET     / (edu.sjsu.cmpe.procurement.api.resources.RootResource)

INFO  [2014-04-09 23:44:17,963] com.yammer.dropwizard.config.Environment: tasks = 

    POST    /tasks/gc (com.yammer.dropwizard.tasks.GarbageCollectionTask)

INFO  [2014-04-09 23:44:18,559] org.quartz.impl.StdSchedulerFactory: Using default implementation for ThreadExecutor
INFO  [2014-04-09 23:44:18,572] org.quartz.simpl.SimpleThreadPool: Job execution threads will use class loader of thread: main
INFO  [2014-04-09 23:44:18,613] org.quartz.core.SchedulerSignalerImpl: Initialized Scheduler Signaller of type: class org.quartz.core.SchedulerSignalerImpl
INFO  [2014-04-09 23:44:18,616] org.quartz.core.QuartzScheduler: Quartz Scheduler v.2.2.0 created.
INFO  [2014-04-09 23:44:18,619] org.quartz.simpl.RAMJobStore: RAMJobStore initialized.
INFO  [2014-04-09 23:44:18,622] org.quartz.core.QuartzScheduler: Scheduler meta-data: Quartz Scheduler (v2.2.0) 'DefaultQuartzScheduler' with instanceId 'NON_CLUSTERED'
  Scheduler class: 'org.quartz.core.QuartzScheduler' - running locally.
  NOT STARTED.
  Currently in standby mode.
  Number of jobs executed: 0
  Using thread pool 'org.quartz.simpl.SimpleThreadPool' - with 10 threads.
  Using job-store 'org.quartz.simpl.RAMJobStore' - which does not support persistence. and is not clustered.

INFO  [2014-04-09 23:44:18,622] org.quartz.impl.StdSchedulerFactory: Quartz scheduler 'DefaultQuartzScheduler' initialized from default resource file in Quartz package: 'quartz.properties'
INFO  [2014-04-09 23:44:18,622] org.quartz.impl.StdSchedulerFactory: Quartz scheduler version: 2.2.0
INFO  [2014-04-09 23:44:18,623] org.quartz.core.QuartzScheduler: Scheduler DefaultQuartzScheduler_$_NON_CLUSTERED started.
INFO  [2014-04-09 23:44:18,630] de.spinscale.dropwizard.jobs.JobManager: Jobs to run on application start: []
INFO  [2014-04-09 23:44:18,641] de.spinscale.dropwizard.jobs.JobManager: Jobs with @Every annotation: [class edu.sjsu.cmpe.procurement.jobs.ProcurementSchedulerJob, class edu.sjsu.cmpe.procurement.jobs.ProcurementToPublisherJob]
INFO  [2014-04-09 23:44:18,679] de.spinscale.dropwizard.jobs.JobManager: Jobs with @On annotation: []
INFO  [2014-04-09 23:44:18,703] org.eclipse.jetty.server.AbstractConnector: Started InstrumentedBlockingChannelConnector@0.0.0.0:9090
INFO  [2014-04-09 23:44:18,710] org.eclipse.jetty.server.AbstractConnector: Started SocketConnector@0.0.0.0:9000
INFO  [2014-04-09 23:53:30,471] org.reflections.Reflections: Reflections took 239 ms to scan 1 urls, producing 2 keys and 4 values 
DEBUG [2014-04-09 23:53:31,671] edu.sjsu.cmpe.procurement.ProcurementService: Queue name is /queue/99999.book.orders. Topic is /topic/06869.book.
WARN  [2014-04-09 23:53:31,787] com.yammer.dropwizard.config.ServerFactory: 
!!!!!!!!!!!!!!!!!!!!!!!!!!!!!!!!!!!!!!!!!!!!!!!!!!!!!!!!!!!!!!!!!!!!!!!!!!!!!!!!
!!!!!!!!!!!!!!!!!!!!!!!!!!!!!!!!!!!!!!!!!!!!!!!!!!!!!!!!!!!!!!!!!!!!!!!!!!!!!!!!
!    THIS SERVICE HAS NO HEALTHCHECKS. THIS MEANS YOU WILL NEVER KNOW IF IT    !
!    DIES IN PRODUCTION, WHICH MEANS YOU WILL NEVER KNOW IF YOU'RE LETTING     !
!     YOUR USERS DOWN. YOU SHOULD ADD A HEALTHCHECK FOR EACH DEPENDENCY OF     !
!     YOUR SERVICE WHICH FULLY (BUT LIGHTLY) TESTS YOUR SERVICE'S ABILITY TO   !
!      USE THAT SERVICE. THINK OF IT AS A CONTINUOUS INTEGRATION TEST.         !
!!!!!!!!!!!!!!!!!!!!!!!!!!!!!!!!!!!!!!!!!!!!!!!!!!!!!!!!!!!!!!!!!!!!!!!!!!!!!!!!
!!!!!!!!!!!!!!!!!!!!!!!!!!!!!!!!!!!!!!!!!!!!!!!!!!!!!!!!!!!!!!!!!!!!!!!!!!!!!!!!
INFO  [2014-04-09 23:53:31,973] com.yammer.dropwizard.cli.ServerCommand: Starting procurement-service
INFO  [2014-04-09 23:53:31,979] org.eclipse.jetty.server.Server: jetty-8.1.10.v20130312
INFO  [2014-04-09 23:53:32,209] com.sun.jersey.server.impl.application.WebApplicationImpl: Initiating Jersey application, version 'Jersey: 1.17.1 02/28/2013 12:47 PM'
INFO  [2014-04-09 23:53:32,306] com.yammer.dropwizard.config.Environment: The following paths were found for the configured resources:

    GET     / (edu.sjsu.cmpe.procurement.api.resources.RootResource)

INFO  [2014-04-09 23:53:32,307] com.yammer.dropwizard.config.Environment: tasks = 

    POST    /tasks/gc (com.yammer.dropwizard.tasks.GarbageCollectionTask)

INFO  [2014-04-09 23:53:32,998] org.quartz.impl.StdSchedulerFactory: Using default implementation for ThreadExecutor
INFO  [2014-04-09 23:53:33,010] org.quartz.simpl.SimpleThreadPool: Job execution threads will use class loader of thread: main
INFO  [2014-04-09 23:53:33,054] org.quartz.core.SchedulerSignalerImpl: Initialized Scheduler Signaller of type: class org.quartz.core.SchedulerSignalerImpl
INFO  [2014-04-09 23:53:33,058] org.quartz.core.QuartzScheduler: Quartz Scheduler v.2.2.0 created.
INFO  [2014-04-09 23:53:33,062] org.quartz.simpl.RAMJobStore: RAMJobStore initialized.
INFO  [2014-04-09 23:53:33,066] org.quartz.core.QuartzScheduler: Scheduler meta-data: Quartz Scheduler (v2.2.0) 'DefaultQuartzScheduler' with instanceId 'NON_CLUSTERED'
  Scheduler class: 'org.quartz.core.QuartzScheduler' - running locally.
  NOT STARTED.
  Currently in standby mode.
  Number of jobs executed: 0
  Using thread pool 'org.quartz.simpl.SimpleThreadPool' - with 10 threads.
  Using job-store 'org.quartz.simpl.RAMJobStore' - which does not support persistence. and is not clustered.

INFO  [2014-04-09 23:53:33,066] org.quartz.impl.StdSchedulerFactory: Quartz scheduler 'DefaultQuartzScheduler' initialized from default resource file in Quartz package: 'quartz.properties'
INFO  [2014-04-09 23:53:33,066] org.quartz.impl.StdSchedulerFactory: Quartz scheduler version: 2.2.0
INFO  [2014-04-09 23:53:33,067] org.quartz.core.QuartzScheduler: Scheduler DefaultQuartzScheduler_$_NON_CLUSTERED started.
INFO  [2014-04-09 23:53:33,077] de.spinscale.dropwizard.jobs.JobManager: Jobs to run on application start: []
INFO  [2014-04-09 23:53:33,092] de.spinscale.dropwizard.jobs.JobManager: Jobs with @Every annotation: [class edu.sjsu.cmpe.procurement.jobs.ProcurementToPublisherJob, class edu.sjsu.cmpe.procurement.jobs.ProcurementSchedulerJob]
INFO  [2014-04-09 23:53:33,133] de.spinscale.dropwizard.jobs.JobManager: Jobs with @On annotation: []
INFO  [2014-04-09 23:53:33,163] org.eclipse.jetty.server.AbstractConnector: Started InstrumentedBlockingChannelConnector@0.0.0.0:9090
WARN  [2014-04-09 23:53:33,171] org.eclipse.jetty.server.AbstractConnector: insufficient threads configured for SocketConnector@0.0.0.0:9000
INFO  [2014-04-09 23:53:33,171] org.eclipse.jetty.server.AbstractConnector: Started SocketConnector@0.0.0.0:9000
